<?xml version="1.0" encoding="UTF-8"?>
<coverage generated="1780998358949" clover="3.2.0">
  <project timestamp="1780998358949" name="All files">
    <metrics statements="36" coveredstatements="36" conditionals="29" coveredconditionals="22" methods="9" coveredmethods="9" elements="74" coveredelements="67" complexity="0" loc="36" ncloc="36" packages="1" files="1" classes="1"/>
    <file name="valuation.js" path="C:\Users\asus\Desktop\vyapar\server\utils\valuation.js">
      <metrics statements="36" coveredstatements="36" conditionals="29" coveredconditionals="22" methods="9" coveredmethods="9"/>
      <line num="1" count="1" type="cond" truecount="0" falsecount="1"/>
      <line num="2" count="13" type="cond" truecount="2" falsecount="0"/>
      <line num="3" count="6" type="stmt"/>
      <line num="4" count="5" type="stmt"/>
      <line num="5" count="5" type="cond" truecount="1" falsecount="1"/>
      <line num="6" count="3" type="cond" truecount="1" falsecount="1"/>
      <line num="7" count="3" type="stmt"/>
      <line num="10" count="10" type="stmt"/>
      <line num="11" count="10" type="stmt"/>
      <line num="12" count="10" type="stmt"/>
      <line num="14" count="10" type="stmt"/>
      <line num="15" count="20" type="cond" truecount="2" falsecount="0"/>
      <line num="16" count="17" type="cond" truecount="1" falsecount="1"/>
      <line num="17" count="3" type="cond" truecount="1" falsecount="1"/>
      <line num="18" count="3" type="stmt"/>
      <line num="19" count="3" type="cond" truecount="2" falsecount="0"/>
      <line num="20" count="3" type="cond" truecount="2" falsecount="0"/>
      <line num="21" count="3" type="stmt"/>
      <line num="22" count="3" type="stmt"/>
      <line num="23" count="3" type="stmt"/>
      <line num="24" count="3" type="cond" truecount="2" falsecount="0"/>
      <line num="25" count="1" type="cond" truecount="1" falsecount="1"/>
      <line num="26" count="1" type="stmt"/>
      <line num="32" count="10" type="cond" truecount="2" falsecount="0"/>
      <line num="33" count="10" type="stmt"/>
      <line num="34" count="16" type="cond" truecount="2" falsecount="0"/>
      <line num="35" count="15" type="stmt"/>
      <line num="36" count="15" type="stmt"/>
      <line num="37" count="15" type="stmt"/>
      <line num="40" count="10" type="stmt"/>
      <line num="43" count="1" type="stmt"/>
      <line num="44" count="7" type="stmt"/>
      <line num="45" count="5" type="stmt"/>
      <line num="46" count="5" type="cond" truecount="1" falsecount="1"/>
      <line num="47" count="5" type="cond" truecount="2" falsecount="0"/>
      <line num="50" count="1" type="stmt"/>
    </file>
  </project>
</coverage>
