{"C:\\Users\\asus\\Desktop\\vyapar\\server\\utils\\valuation.js": {"path":"C:\\Users\\asus\\Desktop\\vyapar\\server\\utils\\valuation.js","statementMap":{"0":{"start":{"line":1,"column":35},"end":{"line":41,"column":1}},"1":{"start":{"line":2,"column":2},"end":{"line":8,"column":3}},"2":{"start":{"line":3,"column":22},"end":{"line":3,"column":68}},"3":{"start":{"line":3,"column":46},"end":{"line":3,"column":67}},"4":{"start":{"line":4,"column":21},"end":{"line":4,"column":66}},"5":{"start":{"line":4,"column":48},"end":{"line":4,"column":62}},"6":{"start":{"line":5,"column":22},"end":{"line":5,"column":95}},"7":{"start":{"line":5,"column":49},"end":{"line":5,"column":91}},"8":{"start":{"line":6,"column":20},"end":{"line":6,"column":59}},"9":{"start":{"line":7,"column":4},"end":{"line":7,"column":54}},"10":{"start":{"line":10,"column":18},"end":{"line":10,"column":20}},"11":{"start":{"line":11,"column":21},"end":{"line":11,"column":33}},"12":{"start":{"line":12,"column":18},"end":{"line":12,"column":19}},"13":{"start":{"line":14,"column":2},"end":{"line":30,"column":5}},"14":{"start":{"line":15,"column":4},"end":{"line":29,"column":5}},"15":{"start":{"line":16,"column":6},"end":{"line":16,"column":86}},"16":{"start":{"line":17,"column":11},"end":{"line":29,"column":5}},"17":{"start":{"line":18,"column":24},"end":{"line":18,"column":44}},"18":{"start":{"line":19,"column":6},"end":{"line":28,"column":7}},"19":{"start":{"line":20,"column":22},"end":{"line":20,"column":88}},"20":{"start":{"line":21,"column":25},"end":{"line":21,"column":57}},"21":{"start":{"line":22,"column":8},"end":{"line":22,"column":30}},"22":{"start":{"line":23,"column":8},"end":{"line":23,"column":32}},"23":{"start":{"line":24,"column":8},"end":{"line":27,"column":9}},"24":{"start":{"line":25,"column":10},"end":{"line":26,"column":33}},"25":{"start":{"line":25,"column":33},"end":{"line":25,"column":49}},"26":{"start":{"line":26,"column":15},"end":{"line":26,"column":33}},"27":{"start":{"line":32,"column":25},"end":{"line":32,"column":81}},"28":{"start":{"line":33,"column":2},"end":{"line":38,"column":3}},"29":{"start":{"line":34,"column":4},"end":{"line":34,"column":33}},"30":{"start":{"line":34,"column":27},"end":{"line":34,"column":33}},"31":{"start":{"line":35,"column":21},"end":{"line":35,"column":54}},"32":{"start":{"line":36,"column":4},"end":{"line":36,"column":39}},"33":{"start":{"line":37,"column":4},"end":{"line":37,"column":29}},"34":{"start":{"line":40,"column":2},"end":{"line":40,"column":19}},"35":{"start":{"line":43,"column":44},"end":{"line":48,"column":1}},"36":{"start":{"line":44,"column":20},"end":{"line":44,"column":66}},"37":{"start":{"line":44,"column":44},"end":{"line":44,"column":65}},"38":{"start":{"line":45,"column":19},"end":{"line":45,"column":64}},"39":{"start":{"line":45,"column":46},"end":{"line":45,"column":60}},"40":{"start":{"line":46,"column":20},"end":{"line":46,"column":93}},"41":{"start":{"line":46,"column":47},"end":{"line":46,"column":89}},"42":{"start":{"line":47,"column":2},"end":{"line":47,"column":49}},"43":{"start":{"line":50,"column":0},"end":{"line":50,"column":85}}},"fnMap":{"0":{"name":"(anonymous_0)","decl":{"start":{"line":1,"column":35},"end":{"line":1,"column":36}},"loc":{"start":{"line":1,"column":84},"end":{"line":41,"column":1}},"line":1},"1":{"name":"(anonymous_1)","decl":{"start":{"line":3,"column":39},"end":{"line":3,"column":40}},"loc":{"start":{"line":3,"column":46},"end":{"line":3,"column":67}},"line":3},"2":{"name":"(anonymous_2)","decl":{"start":{"line":4,"column":38},"end":{"line":4,"column":39}},"loc":{"start":{"line":4,"column":48},"end":{"line":4,"column":62}},"line":4},"3":{"name":"(anonymous_3)","decl":{"start":{"line":5,"column":39},"end":{"line":5,"column":40}},"loc":{"start":{"line":5,"column":49},"end":{"line":5,"column":91}},"line":5},"4":{"name":"(anonymous_4)","decl":{"start":{"line":14,"column":20},"end":{"line":14,"column":21}},"loc":{"start":{"line":14,"column":27},"end":{"line":30,"column":3}},"line":14},"5":{"name":"(anonymous_5)","decl":{"start":{"line":43,"column":44},"end":{"line":43,"column":45}},"loc":{"start":{"line":43,"column":59},"end":{"line":48,"column":1}},"line":43},"6":{"name":"(anonymous_6)","decl":{"start":{"line":44,"column":37},"end":{"line":44,"column":38}},"loc":{"start":{"line":44,"column":44},"end":{"line":44,"column":65}},"line":44},"7":{"name":"(anonymous_7)","decl":{"start":{"line":45,"column":36},"end":{"line":45,"column":37}},"loc":{"start":{"line":45,"column":46},"end":{"line":45,"column":60}},"line":45},"8":{"name":"(anonymous_8)","decl":{"start":{"line":46,"column":37},"end":{"line":46,"column":38}},"loc":{"start":{"line":46,"column":47},"end":{"line":46,"column":89}},"line":46}},"branchMap":{"0":{"loc":{"start":{"line":1,"column":61},"end":{"line":1,"column":79}},"type":"default-arg","locations":[{"start":{"line":1,"column":70},"end":{"line":1,"column":79}}],"line":1},"1":{"loc":{"start":{"line":2,"column":2},"end":{"line":8,"column":3}},"type":"if","locations":[{"start":{"line":2,"column":2},"end":{"line":8,"column":3}},{"start":{},"end":{}}],"line":2},"2":{"loc":{"start":{"line":5,"column":54},"end":{"line":5,"column":90}},"type":"binary-expr","locations":[{"start":{"line":5,"column":54},"end":{"line":5,"column":67}},{"start":{"line":5,"column":71},"end":{"line":5,"column":90}}],"line":5},"3":{"loc":{"start":{"line":6,"column":20},"end":{"line":6,"column":59}},"type":"cond-expr","locations":[{"start":{"line":6,"column":35},"end":{"line":6,"column":55}},{"start":{"line":6,"column":58},"end":{"line":6,"column":59}}],"line":6},"4":{"loc":{"start":{"line":15,"column":4},"end":{"line":29,"column":5}},"type":"if","locations":[{"start":{"line":15,"column":4},"end":{"line":29,"column":5}},{"start":{"line":17,"column":11},"end":{"line":29,"column":5}}],"line":15},"5":{"loc":{"start":{"line":16,"column":46},"end":{"line":16,"column":82}},"type":"binary-expr","locations":[{"start":{"line":16,"column":46},"end":{"line":16,"column":52}},{"start":{"line":16,"column":56},"end":{"line":16,"column":82}}],"line":16},"6":{"loc":{"start":{"line":17,"column":11},"end":{"line":29,"column":5}},"type":"if","locations":[{"start":{"line":17,"column":11},"end":{"line":29,"column":5}},{"start":{},"end":{}}],"line":17},"7":{"loc":{"start":{"line":19,"column":13},"end":{"line":19,"column":52}},"type":"binary-expr","locations":[{"start":{"line":19,"column":13},"end":{"line":19,"column":28}},{"start":{"line":19,"column":32},"end":{"line":19,"column":52}}],"line":19},"8":{"loc":{"start":{"line":20,"column":22},"end":{"line":20,"column":88}},"type":"cond-expr","locations":[{"start":{"line":20,"column":42},"end":{"line":20,"column":73}},{"start":{"line":20,"column":76},"end":{"line":20,"column":88}}],"line":20},"9":{"loc":{"start":{"line":24,"column":8},"end":{"line":27,"column":9}},"type":"if","locations":[{"start":{"line":24,"column":8},"end":{"line":27,"column":9}},{"start":{},"end":{}}],"line":24},"10":{"loc":{"start":{"line":25,"column":10},"end":{"line":26,"column":33}},"type":"if","locations":[{"start":{"line":25,"column":10},"end":{"line":26,"column":33}},{"start":{"line":26,"column":15},"end":{"line":26,"column":33}}],"line":25},"11":{"loc":{"start":{"line":32,"column":25},"end":{"line":32,"column":81}},"type":"cond-expr","locations":[{"start":{"line":32,"column":45},"end":{"line":32,"column":69}},{"start":{"line":32,"column":72},"end":{"line":32,"column":81}}],"line":32},"12":{"loc":{"start":{"line":34,"column":4},"end":{"line":34,"column":33}},"type":"if","locations":[{"start":{"line":34,"column":4},"end":{"line":34,"column":33}},{"start":{},"end":{}}],"line":34},"13":{"loc":{"start":{"line":46,"column":52},"end":{"line":46,"column":88}},"type":"binary-expr","locations":[{"start":{"line":46,"column":52},"end":{"line":46,"column":65}},{"start":{"line":46,"column":69},"end":{"line":46,"column":88}}],"line":46},"14":{"loc":{"start":{"line":47,"column":9},"end":{"line":47,"column":48}},"type":"cond-expr","locations":[{"start":{"line":47,"column":24},"end":{"line":47,"column":44}},{"start":{"line":47,"column":47},"end":{"line":47,"column":48}}],"line":47}},"s":{"0":1,"1":13,"2":3,"3":6,"4":3,"5":5,"6":3,"7":5,"8":3,"9":3,"10":10,"11":10,"12":10,"13":10,"14":20,"15":17,"16":3,"17":3,"18":3,"19":3,"20":3,"21":3,"22":3,"23":3,"24":1,"25":0,"26":1,"27":10,"28":10,"29":16,"30":1,"31":15,"32":15,"33":15,"34":10,"35":1,"36":5,"37":7,"38":5,"39":5,"40":5,"41":5,"42":5,"43":1},"f":{"0":13,"1":6,"2":5,"3":5,"4":20,"5":5,"6":7,"7":5,"8":5},"b":{"0":[0],"1":[3,10],"2":[5,0],"3":[3,0],"4":[17,3],"5":[17,0],"6":[3,0],"7":[6,3],"8":[1,2],"9":[1,2],"10":[0,1],"11":[4,6],"12":[1,15],"13":[5,0],"14":[3,2]},"_coverageSchema":"1a1c01bbd47fc00a2c39e90264f33305004495a9","hash":"2a65013bd0502960d45b2e9260ac1e00e223ec04"}
}
