TN:
SF:utils\valuation.js
FN:1,(anonymous_0)
FN:3,(anonymous_1)
FN:4,(anonymous_2)
FN:5,(anonymous_3)
FN:14,(anonymous_4)
FN:43,(anonymous_5)
FN:44,(anonymous_6)
FN:45,(anonymous_7)
FN:46,(anonymous_8)
FNF:9
FNH:9
FNDA:13,(anonymous_0)
FNDA:6,(anonymous_1)
FNDA:5,(anonymous_2)
FNDA:5,(anonymous_3)
FNDA:20,(anonymous_4)
FNDA:5,(anonymous_5)
FNDA:7,(anonymous_6)
FNDA:5,(anonymous_7)
FNDA:5,(anonymous_8)
DA:1,1
DA:2,13
DA:3,6
DA:4,5
DA:5,5
DA:6,3
DA:7,3
DA:10,10
DA:11,10
DA:12,10
DA:14,10
DA:15,20
DA:16,17
DA:17,3
DA:18,3
DA:19,3
DA:20,3
DA:21,3
DA:22,3
DA:23,3
DA:24,3
DA:25,1
DA:26,1
DA:32,10
DA:33,10
DA:34,16
DA:35,15
DA:36,15
DA:37,15
DA:40,10
DA:43,1
DA:44,7
DA:45,5
DA:46,5
DA:47,5
DA:50,1
LF:36
LH:36
BRDA:1,0,0,0
BRDA:2,1,0,3
BRDA:2,1,1,10
BRDA:5,2,0,5
BRDA:5,2,1,0
BRDA:6,3,0,3
BRDA:6,3,1,0
BRDA:15,4,0,17
BRDA:15,4,1,3
BRDA:16,5,0,17
BRDA:16,5,1,0
BRDA:17,6,0,3
BRDA:17,6,1,0
BRDA:19,7,0,6
BRDA:19,7,1,3
BRDA:20,8,0,1
BRDA:20,8,1,2
BRDA:24,9,0,1
BRDA:24,9,1,2
BRDA:25,10,0,0
BRDA:25,10,1,1
BRDA:32,11,0,4
BRDA:32,11,1,6
BRDA:34,12,0,1
BRDA:34,12,1,15
BRDA:46,13,0,5
BRDA:46,13,1,0
BRDA:47,14,0,3
BRDA:47,14,1,2
BRF:29
BRH:22
end_of_record
